  AdventOfCode2020.cpp
  Day01.cpp
C:\Users\Tablespoon\Desktop\adventofcode2020\AdventOfCode2020\Day01\Day01.cpp(18,23): warning C4267: '=': conversion from 'size_t' to 'int', possible loss of data
  Day02.cpp
C:\Users\Tablespoon\Desktop\adventofcode2020\AdventOfCode2020\Day02\Day02.cpp(21,37): warning C4267: 'initializing': conversion from 'size_t' to 'int', possible loss of data
C:\Users\Tablespoon\Desktop\adventofcode2020\AdventOfCode2020\Day02\Day02.cpp(23,38): warning C4267: 'initializing': conversion from 'size_t' to 'int', possible loss of data
C:\Users\Tablespoon\Desktop\adventofcode2020\AdventOfCode2020\Day02\Day02.cpp(26,37): warning C4267: 'initializing': conversion from 'size_t' to 'int', possible loss of data
  Day03.cpp
C:\Users\Tablespoon\Desktop\adventofcode2020\AdventOfCode2020\Day03\Day03.cpp(18,32): warning C4267: '=': conversion from 'size_t' to 'int', possible loss of data
C:\Users\Tablespoon\Desktop\adventofcode2020\AdventOfCode2020\Day03\Day03.cpp(19,25): warning C4267: '=': conversion from 'size_t' to 'int', possible loss of data
  Day04.cpp
C:\Users\Tablespoon\Desktop\adventofcode2020\AdventOfCode2020\Day04\Day04.cpp(78,40): warning C4267: 'initializing': conversion from 'size_t' to 'int', possible loss of data
  Day05.cpp
  Day06.cpp
  Day07.cpp
  Day08.cpp
  Day09.cpp
  Day10.cpp
  Generating Code...
x64\Debug\Tools.obj : warning LNK4042: object specified more than once; extras ignored
  AdventOfCode2020.vcxproj -> C:\Users\Tablespoon\Desktop\adventofcode2020\x64\Debug\AdventOfCode2020.exe
